<?xml version="1.0" encoding="UTF-8"?>
<!-- Generated by org.testng.reporters.JUnitReportReporter -->
<testsuite hostname="LAPTOP-82PRDJ2C" failures="0" tests="1" name="Test_layer.logintest" time="74.063" errors="0" timestamp="2022-04-19T15:25:28 ICT" skipped="0">
  <testcase classname="Test_layer.logintest" name="loginTest" time="74.063"/>
  <system-out/>
</testsuite> <!-- Test_layer.logintest -->
