<?xml version="1.0" encoding="UTF-8"?>
<!-- Generated by org.testng.reporters.JUnitReportReporter -->
<testsuite hostname="LAPTOP-82PRDJ2C" failures="0" tests="1" name="Test_layer.login" time="24.924" errors="0" timestamp="2022-04-18T17:38:46 ICT" skipped="0">
  <testcase classname="Test_layer.login" name="loginTest" time="24.924"/>
  <system-out/>
</testsuite> <!-- Test_layer.login -->
